[0m21:15:53.586067 [debug] [MainThread]: Sending event: {'category': 'dbt', 'action': 'invocation', 'label': 'start', 'context': [<snowplow_tracker.self_describing_json.SelfDescribingJson object at 0x000001DE5DC103B0>, <snowplow_tracker.self_describing_json.SelfDescribingJson object at 0x000001DE5D6EACF0>, <snowplow_tracker.self_describing_json.SelfDescribingJson object at 0x000001DE5D9F5640>]}


============================== 21:15:53.591172 | 54866996-0adb-4df9-a536-8d21ae825618 ==============================
[0m21:15:53.591172 [info ] [MainThread]: Running with dbt=1.10.13
[0m21:15:53.592162 [debug] [MainThread]: running dbt with arguments {'partial_parse': 'True', 'static_parser': 'True', 'send_anonymous_usage_stats': 'True', 'version_check': 'True', 'cache_selected_only': 'False', 'target_path': 'None', 'warn_error': 'None', 'invocation_command': 'dbt init ventas_proyecto', 'log_format': 'default', 'use_colors': 'True', 'introspect': 'True', 'debug': 'False', 'printer_width': '80', 'fail_fast': 'False', 'no_print': 'None', 'quiet': 'False', 'log_cache_events': 'False', 'empty': 'None', 'use_experimental_parser': 'False', 'indirect_selection': 'eager', 'log_path': 'logs', 'profiles_dir': 'C:\\Users\\aitor\\.dbt', 'warn_error_options': 'WarnErrorOptionsV2(error=[], warn=[], silence=[])', 'write_json': 'True'}
[0m21:15:53.620478 [debug] [MainThread]: Starter project path: C:\Users\aitor\AppData\Local\Programs\Python\Python312\Lib\site-packages\dbt\include\starter_project
[0m21:15:53.671192 [info ] [MainThread]: 
Your new dbt project "ventas_proyecto" was created!

For more information on how to configure the profiles.yml file,
please consult the dbt documentation here:

  https://docs.getdbt.com/docs/configure-your-profile

One more thing:

Need help? Don't hesitate to reach out to us via GitHub issues or on Slack:

  https://community.getdbt.com/

Happy modeling!

[0m21:15:53.672170 [info ] [MainThread]: Setting up your profile.
[0m21:18:13.713375 [info ] [MainThread]: Profile ventas_proyecto written to C:\Users\aitor\.dbt\profiles.yml using target's profile_template.yml and your supplied values. Run 'dbt debug' to validate the connection.
[0m21:18:13.714397 [debug] [MainThread]: Command `dbt init` succeeded at 21:18:13.714397 after 140.42 seconds
[0m21:18:13.714911 [debug] [MainThread]: Sending event: {'category': 'dbt', 'action': 'invocation', 'label': 'end', 'context': [<snowplow_tracker.self_describing_json.SelfDescribingJson object at 0x000001DE5E320740>, <snowplow_tracker.self_describing_json.SelfDescribingJson object at 0x000001DE5E4DC1D0>, <snowplow_tracker.self_describing_json.SelfDescribingJson object at 0x000001DE5D850410>]}
[0m21:18:13.714911 [debug] [MainThread]: Flushing usage events
[0m21:18:14.328304 [debug] [MainThread]: An error was encountered while trying to flush usage events
[0m21:19:29.560078 [debug] [MainThread]: Sending event: {'category': 'dbt', 'action': 'invocation', 'label': 'start', 'context': [<snowplow_tracker.self_describing_json.SelfDescribingJson object at 0x000001AFE111AC30>, <snowplow_tracker.self_describing_json.SelfDescribingJson object at 0x000001AFE154E420>, <snowplow_tracker.self_describing_json.SelfDescribingJson object at 0x000001AFE124A390>]}


============================== 21:19:29.565183 | de3d2f82-a6ee-4bb5-8dec-af06ad522871 ==============================
[0m21:19:29.565183 [info ] [MainThread]: Running with dbt=1.10.13
[0m21:19:29.565694 [debug] [MainThread]: running dbt with arguments {'partial_parse': 'True', 'static_parser': 'True', 'send_anonymous_usage_stats': 'True', 'warn_error': 'None', 'cache_selected_only': 'False', 'target_path': 'None', 'use_colors': 'True', 'invocation_command': 'dbt debug', 'log_format': 'default', 'version_check': 'True', 'introspect': 'True', 'debug': 'False', 'printer_width': '80', 'fail_fast': 'False', 'no_print': 'None', 'quiet': 'False', 'use_experimental_parser': 'False', 'log_cache_events': 'False', 'empty': 'None', 'indirect_selection': 'eager', 'log_path': 'logs', 'profiles_dir': 'C:\\Users\\aitor\\.dbt', 'warn_error_options': 'WarnErrorOptionsV2(error=[], warn=[], silence=[])', 'write_json': 'True'}
[0m21:19:29.584818 [info ] [MainThread]: dbt version: 1.10.13
[0m21:19:29.585829 [info ] [MainThread]: python version: 3.12.3
[0m21:19:29.585829 [info ] [MainThread]: python path: C:\Users\aitor\AppData\Local\Programs\Python\Python312\python.exe
[0m21:19:29.586833 [info ] [MainThread]: os info: Windows-10-10.0.19045-SP0
[0m21:19:29.642468 [info ] [MainThread]: Using profiles dir at C:\Users\aitor\.dbt
[0m21:19:29.642993 [info ] [MainThread]: Using profiles.yml file at C:\Users\aitor\.dbt\profiles.yml
[0m21:19:29.643538 [info ] [MainThread]: Using dbt_project.yml file at D:\pandas_numpy_curso\dbt_project.yml
[0m21:19:29.644058 [error] [MainThread]: Encountered an error:
Internal Error
  Profile should not be None if loading profile completed
[0m21:19:29.645625 [debug] [MainThread]: Command `dbt debug` failed at 21:19:29.645090 after 0.34 seconds
[0m21:19:29.645625 [debug] [MainThread]: Sending event: {'category': 'dbt', 'action': 'invocation', 'label': 'end', 'context': [<snowplow_tracker.self_describing_json.SelfDescribingJson object at 0x000001AFE19FD3A0>, <snowplow_tracker.self_describing_json.SelfDescribingJson object at 0x000001AFE320AC90>, <snowplow_tracker.self_describing_json.SelfDescribingJson object at 0x000001AFE1F68AD0>]}
[0m21:19:29.646135 [debug] [MainThread]: Flushing usage events
[0m21:19:30.281946 [debug] [MainThread]: An error was encountered while trying to flush usage events
